<?xml version="1.0" encoding="UTF-8"?>
<testsuite xmlns:xsi="http://www.w3.org/2001/XMLSchema-instance" xsi:noNamespaceSchemaLocation="https://maven.apache.org/surefire/maven-surefire-plugin/xsd/surefire-test-report.xsd" version="3.0.2" name="aiss.peertubeminer.PeertubeminerApplicationTests" time="3.17" tests="1" errors="0" skipped="0" failures="0" flakes="0">
  <properties>
[...]
</properties>
  <testcase name="contextLoads" classname="aiss.peertubeminer.PeertubeminerApplicationTests" time="0.64">
    <system-out><![CDATA[12:59:18.137 [main] INFO org.springframework.test.context.support.AnnotationConfigContextLoaderUtils -- Could not detect default configuration classes for test class [aiss.peertubeminer.PeertubeminerApplicationTests]: PeertubeminerApplicationTests does not declare any static, non-private, non-final, nested classes annotated with @Configuration.
12:59:18.260 [main] INFO org.springframework.boot.test.context.SpringBootTestContextBootstrapper -- Found @SpringBootConfiguration aiss.peertubeminer.PeertubeminerApplication for test class aiss.peertubeminer.PeertubeminerApplicationTests

  .   ____          _            __ _ _
 /\\ / ___'_ __ _ _(_)_ __  __ _ \ \ \ \
( ( )\___ | '_ | '_| | '_ \/ _` | \ \ \ \
 \\/  ___)| |_)| | | | | || (_| |  ) ) ) )
  '  |____| .__|_| |_|_| |_\__, | / / / /
 =========|_|==============|___/=/_/_/_/

 :: Spring Boot ::               (v3.5.14)

2026-05-09T12:59:18.712+02:00  INFO 8668 --- [peertubeminer] [           main] a.p.PeertubeminerApplicationTests        : Starting PeertubeminerApplicationTests using Java 25.0.3 with PID 8668 (started by David in c:\Users\David\Desktop\Asignaturas\proyecto AISS\PROYECTO-AISS\peertubeminer)
2026-05-09T12:59:18.714+02:00  INFO 8668 --- [peertubeminer] [           main] a.p.PeertubeminerApplicationTests        : No active profile set, falling back to 1 default profile: "default"
2026-05-09T12:59:20.492+02:00  INFO 8668 --- [peertubeminer] [           main] a.p.PeertubeminerApplicationTests        : Started PeertubeminerApplicationTests in 2.087 seconds (process running for 3.263)
]]></system-out>
    <system-err><![CDATA[Mockito is currently self-attaching to enable the inline-mock-maker. This will no longer work in future releases of the JDK. Please add Mockito as an agent to your build as described in Mockito's documentation: https://javadoc.io/doc/org.mockito/mockito-core/latest/org.mockito/org/mockito/Mockito.html#0.3
WARNING: A Java agent has been loaded dynamically (C:\Users\David\.m2\repository\net\bytebuddy\byte-buddy-agent\1.17.8\byte-buddy-agent-1.17.8.jar)
WARNING: If a serviceability tool is in use, please run with -XX:+EnableDynamicAgentLoading to hide this warning
WARNING: If a serviceability tool is not in use, please run with -Djdk.instrument.traceUsage for more information
WARNING: Dynamic loading of agents will be disallowed by default in a future release
]]></system-err>
  </testcase>
</testsuite>